This is pdfTeX, Version 3.1415926-2.5-1.40.14 (TeX Live 2013) (format=pdflatex 2017.4.17)  27 JUL 2017 16:59
entering extended mode
 restricted \write18 enabled.
 %&-line parsing enabled.
**report.tex
(./report.tex
LaTeX2e <2011/06/27>
Babel <v3.8m> and hyphenation patterns for english, dumylang, nohyphenation, lo
aded.
(/usr/share/texlive/texmf-dist/tex/latex/base/article.cls
Document Class: article 2007/10/19 v1.4h Standard LaTeX document class
(/usr/share/texlive/texmf-dist/tex/latex/base/size12.clo
File: size12.clo 2007/10/19 v1.4h Standard LaTeX file (size option)
)
\c@part=\count79
\c@section=\count80
\c@subsection=\count81
\c@subsubsection=\count82
\c@paragraph=\count83
\c@subparagraph=\count84
\c@figure=\count85
\c@table=\count86
\abovecaptionskip=\skip41
\belowcaptionskip=\skip42
\bibindent=\dimen102
)
(/usr/share/texlive/texmf-dist/tex/latex/base/inputenc.sty
Package: inputenc 2008/03/30 v1.1d Input encoding file
\inpenc@prehook=\toks14
\inpenc@posthook=\toks15

(/usr/share/texlive/texmf-dist/tex/latex/ucs/utf8x.def
File: utf8x.def 2004/10/17 UCS: Input encoding UTF-8
))
(/usr/share/texlive/texmf-dist/tex/latex/ucs/ucs.sty
Package: ucs 2004/10/17 UCS: Unicode input support

(/usr/share/texlive/texmf-dist/tex/latex/ucs/data/uni-global.def
File: uni-global.def 2012/08/28 UCS: Unicode global data
)
\uc@secondtry=\count87
\uc@combtoks=\toks16
\uc@combtoksb=\toks17
\uc@temptokena=\toks18
)
(/usr/share/texlive/texmf-dist/tex/generic/babel/babel.sty
Package: babel 2008/07/08 v3.8m The Babel package

(/usr/share/texlive/texmf-dist/tex/generic/babel/english.ldf
Language: english 2005/03/30 v3.3o English support from the babel system

(/usr/share/texlive/texmf-dist/tex/generic/babel/babel.def
File: babel.def 2008/07/08 v3.8m Babel common definitions
\babel@savecnt=\count88
\U@D=\dimen103
)
\l@british = a dialect from \language\l@english 
\l@UKenglish = a dialect from \language\l@english 
\l@canadian = a dialect from \language\l@american 
\l@australian = a dialect from \language\l@british 
\l@newzealand = a dialect from \language\l@british 
))
(/usr/share/texlive/texmf-dist/tex/latex/base/fontenc.sty
Package: fontenc 2005/09/27 v1.99g Standard LaTeX package

(/usr/share/texlive/texmf-dist/tex/latex/base/t1enc.def
File: t1enc.def 2005/09/27 v1.99g Standard LaTeX file
LaTeX Font Info:    Redeclaring font encoding T1 on input line 43.
))
(/usr/share/texlive/texmf-dist/tex/latex/psnfss/times.sty
Package: times 2005/04/12 PSNFSS-v9.2a (SPQR) 
)
(/usr/share/texlive/texmf-dist/tex/latex/graphics/graphicx.sty
Package: graphicx 1999/02/16 v1.0f Enhanced LaTeX Graphics (DPC,SPQR)

(/usr/share/texlive/texmf-dist/tex/latex/graphics/keyval.sty
Package: keyval 1999/03/16 v1.13 key=value parser (DPC)
\KV@toks@=\toks19
)
(/usr/share/texlive/texmf-dist/tex/latex/graphics/graphics.sty
Package: graphics 2009/02/05 v1.0o Standard LaTeX Graphics (DPC,SPQR)

(/usr/share/texlive/texmf-dist/tex/latex/graphics/trig.sty
Package: trig 1999/03/16 v1.09 sin cos tan (DPC)
)
(/usr/share/texlive/texmf-dist/tex/latex/latexconfig/graphics.cfg
File: graphics.cfg 2010/04/23 v1.9 graphics configuration of TeX Live
)
Package graphics Info: Driver file: pdftex.def on input line 91.

(/usr/share/texlive/texmf-dist/tex/latex/pdftex-def/pdftex.def
File: pdftex.def 2011/05/27 v0.06d Graphics/color for pdfTeX

(/usr/share/texlive/texmf-dist/tex/generic/oberdiek/infwarerr.sty
Package: infwarerr 2010/04/08 v1.3 Providing info/warning/error messages (HO)
)
(/usr/share/texlive/texmf-dist/tex/generic/oberdiek/ltxcmds.sty
Package: ltxcmds 2011/11/09 v1.22 LaTeX kernel commands for general use (HO)
)
\Gread@gobject=\count89
))
\Gin@req@height=\dimen104
\Gin@req@width=\dimen105
)
(/usr/share/texlive/texmf-dist/tex/latex/float/float.sty
Package: float 2001/11/08 v1.3d Float enhancements (AL)
\c@float@type=\count90
\float@exts=\toks20
\float@box=\box26
\@float@everytoks=\toks21
\@floatcapt=\box27
)
(/usr/share/texlive/texmf-dist/tex/latex/subfig/subfig.sty
Package: subfig 2005/06/28 ver: 1.3 subfig package

(/usr/share/texlive/texmf-dist/tex/latex/caption/caption.sty
Package: caption 2013/02/03 v3.3-65 Customizing captions (AR)

(/usr/share/texlive/texmf-dist/tex/latex/caption/caption3.sty
Package: caption3 2013/02/03 v1.5-62 caption3 kernel (AR)
\captionmargin=\dimen106
\captionmargin@=\dimen107
\captionwidth=\dimen108
\caption@tempdima=\dimen109
\caption@indent=\dimen110
\caption@parindent=\dimen111
\caption@hangindent=\dimen112
)
\c@ContinuedFloat=\count91
Package caption Info: float package is loaded.
)
\c@KVtest=\count92
\sf@farskip=\skip43
\sf@captopadj=\dimen113
\sf@capskip=\skip44
\sf@nearskip=\skip45
\c@subfigure=\count93
\c@subfigure@save=\count94
\c@lofdepth=\count95
\c@subtable=\count96
\c@subtable@save=\count97
\c@lotdepth=\count98
\sf@top=\skip46
\sf@bottom=\skip47
)
(/usr/share/texlive/texmf-dist/tex/latex/geometry/geometry.sty
Package: geometry 2010/09/12 v5.6 Page Geometry

(/usr/share/texlive/texmf-dist/tex/generic/oberdiek/ifpdf.sty
Package: ifpdf 2011/01/30 v2.3 Provides the ifpdf switch (HO)
Package ifpdf Info: pdfTeX in PDF mode is detected.
)
(/usr/share/texlive/texmf-dist/tex/generic/oberdiek/ifvtex.sty
Package: ifvtex 2010/03/01 v1.5 Detect VTeX and its facilities (HO)
Package ifvtex Info: VTeX not detected.
)
(/usr/share/texlive/texmf-dist/tex/generic/ifxetex/ifxetex.sty
Package: ifxetex 2010/09/12 v0.6 Provides ifxetex conditional
)
\Gm@cnth=\count99
\Gm@cntv=\count100
\c@Gm@tempcnt=\count101
\Gm@bindingoffset=\dimen114
\Gm@wd@mp=\dimen115
\Gm@odd@mp=\dimen116
\Gm@even@mp=\dimen117
\Gm@layoutwidth=\dimen118
\Gm@layoutheight=\dimen119
\Gm@layouthoffset=\dimen120
\Gm@layoutvoffset=\dimen121
\Gm@dimlist=\toks22
)
No file report.aux.
\openout1 = `report.aux'.

LaTeX Font Info:    Checking defaults for OML/cmm/m/it on input line 16.
LaTeX Font Info:    ... okay on input line 16.
LaTeX Font Info:    Checking defaults for T1/cmr/m/n on input line 16.
LaTeX Font Info:    ... okay on input line 16.
LaTeX Font Info:    Checking defaults for OT1/cmr/m/n on input line 16.
LaTeX Font Info:    ... okay on input line 16.
LaTeX Font Info:    Checking defaults for OMS/cmsy/m/n on input line 16.
LaTeX Font Info:    ... okay on input line 16.
LaTeX Font Info:    Checking defaults for OMX/cmex/m/n on input line 16.
LaTeX Font Info:    ... okay on input line 16.
LaTeX Font Info:    Checking defaults for U/cmr/m/n on input line 16.
LaTeX Font Info:    ... okay on input line 16.
LaTeX Font Info:    Try loading font information for T1+ptm on input line 16.
(/usr/share/texlive/texmf-dist/tex/latex/psnfss/t1ptm.fd
File: t1ptm.fd 2001/06/04 font definitions for T1/ptm.
) (/usr/share/texlive/texmf-dist/tex/latex/ucs/ucsencs.def
File: ucsencs.def 2011/01/21 Fixes to fontencodings LGR, T3
) (/usr/share/texlive/texmf-dist/tex/context/base/supp-pdf.mkii
[Loading MPS to PDF converter (version 2006.09.02).]
\scratchcounter=\count102
\scratchdimen=\dimen122
\scratchbox=\box28
\nofMPsegments=\count103
\nofMParguments=\count104
\everyMPshowfont=\toks23
\MPscratchCnt=\count105
\MPscratchDim=\dimen123
\MPnumerator=\count106
\makeMPintoPDFobject=\count107
\everyMPtoPDFconversion=\toks24
) (/usr/share/texlive/texmf-dist/tex/generic/oberdiek/pdftexcmds.sty
Package: pdftexcmds 2011/11/29 v0.20 Utility functions of pdfTeX for LuaTeX (HO
)
(/usr/share/texlive/texmf-dist/tex/generic/oberdiek/ifluatex.sty
Package: ifluatex 2010/03/01 v1.3 Provides the ifluatex switch (HO)
Package ifluatex Info: LuaTeX not detected.
)
Package pdftexcmds Info: LuaTeX not detected.
Package pdftexcmds Info: \pdf@primitive is available.
Package pdftexcmds Info: \pdf@ifprimitive is available.
Package pdftexcmds Info: \pdfdraftmode found.
) (/usr/share/texlive/texmf-dist/tex/latex/oberdiek/epstopdf-base.sty
Package: epstopdf-base 2010/02/09 v2.5 Base part for package epstopdf
(/usr/share/texlive/texmf-dist/tex/latex/oberdiek/grfext.sty
Package: grfext 2010/08/19 v1.1 Manage graphics extensions (HO)
(/usr/share/texlive/texmf-dist/tex/generic/oberdiek/kvdefinekeys.sty
Package: kvdefinekeys 2011/04/07 v1.3 Define keys (HO)
)) (/usr/share/texlive/texmf-dist/tex/latex/oberdiek/kvoptions.sty
Package: kvoptions 2011/06/30 v3.11 Key value format for package options (HO)
(/usr/share/texlive/texmf-dist/tex/generic/oberdiek/kvsetkeys.sty
Package: kvsetkeys 2012/04/25 v1.16 Key value parser (HO)
(/usr/share/texlive/texmf-dist/tex/generic/oberdiek/etexcmds.sty
Package: etexcmds 2011/02/16 v1.5 Avoid name clashes with e-TeX commands (HO)
Package etexcmds Info: Could not find \expanded.
(etexcmds)             That can mean that you are not using pdfTeX 1.50 or
(etexcmds)             that some package has redefined \expanded.
(etexcmds)             In the latter case, load this package earlier.
)))
Package grfext Info: Graphics extension search list:
(grfext)             [.png,.pdf,.jpg,.mps,.jpeg,.jbig2,.jb2,.PNG,.PDF,.JPG,.JPE
G,.JBIG2,.JB2,.eps]
(grfext)             \AppendGraphicsExtensions on input line 452.
(/usr/share/texlive/texmf-dist/tex/latex/latexconfig/epstopdf-sys.cfg
File: epstopdf-sys.cfg 2010/07/13 v1.3 Configuration of (r)epstopdf for TeX Liv
e
))
Package caption Info: Begin \AtBeginDocument code.
Package caption Info: subfig package v1.3 is loaded.
Package caption Info: End \AtBeginDocument code.
*geometry* driver: auto-detecting
*geometry* detected driver: pdftex
*geometry* verbose mode - [ preamble ] result:
* driver: pdftex
* paper: a4paper
* layout: <same size as paper>
* layoutoffset:(h,v)=(0.0pt,0.0pt)
* modes: 
* h-part:(L,W,R)=(71.13188pt, 455.24411pt, 71.13188pt)
* v-part:(T,H,B)=(56.9055pt, 731.23584pt, 56.9055pt)
* \paperwidth=597.50787pt
* \paperheight=845.04684pt
* \textwidth=455.24411pt
* \textheight=731.23584pt
* \oddsidemargin=-1.1381pt
* \evensidemargin=-1.1381pt
* \topmargin=-52.36449pt
* \headheight=12.0pt
* \headsep=25.0pt
* \topskip=12.0pt
* \footskip=30.0pt
* \marginparwidth=35.0pt
* \marginparsep=10.0pt
* \columnsep=10.0pt
* \skip\footins=10.8pt plus 4.0pt minus 2.0pt
* \hoffset=0.0pt
* \voffset=0.0pt
* \mag=1000
* \@twocolumnfalse
* \@twosidefalse
* \@mparswitchfalse
* \@reversemarginfalse
* (1in=72.27pt=25.4mm, 1cm=28.453pt)

LaTeX Font Info:    External font `cmex10' loaded for size
(Font)              <14.4> on input line 21.
LaTeX Font Info:    External font `cmex10' loaded for size
(Font)              <7> on input line 21.

LaTeX Warning: No \author given.


</home/networker/webapps/netwrkr/networker/egonet/static/egonet/report/sample_n
et.pdf, id=1, 578.16pt x 433.62pt>
File: /home/networker/webapps/netwrkr/networker/egonet/static/egonet/report/sam
ple_net.pdf Graphic file (type pdf)

<use /home/networker/webapps/netwrkr/networker/egonet/static/egonet/report/samp
le_net.pdf>
Package pdftex.def Info: /home/networker/webapps/netwrkr/networker/egonet/stati
c/egonet/report/sample_net.pdf used on input line 26.
(pdftex.def)             Requested size: 520.33919pt x 390.2544pt.

Overfull \hbox (65.09508pt too wide) in paragraph at lines 26--27
 [][] 
 []

LaTeX Font Info:    Font shape `T1/ptm/bx/n' in size <17.28> not available
(Font)              Font shape `T1/ptm/b/n' tried instead on input line 31.

</home/networker/webapps/netwrkr/networker/egonet/../media/logos/iese_logo.png,
 id=2, 555.07375pt x 354.32375pt>
File: /home/networker/webapps/netwrkr/networker/egonet/../media/logos/iese_logo
.png Graphic file (type png)

<use /home/networker/webapps/netwrkr/networker/egonet/../media/logos/iese_logo.
png>
Package pdftex.def Info: /home/networker/webapps/netwrkr/networker/egonet/../me
dia/logos/iese_logo.png used on input line 36.
(pdftex.def)             Requested size: 111.01277pt x 70.86348pt.
[1


{/usr/share/texlive/texmf/fonts/map/pdftex/updmap/pdftex.map} </home/networker/
webapps/netwrkr/networker/egonet/static/egonet/report/sample_net.pdf> </home/ne
tworker/webapps/netwrkr/networker/egonet/../media/logos/iese_logo.png>]
</home/networker/webapps/netwrkr/networker/egonet/static/egonet/report/organiza
tional_network.png, id=73, 485.6544pt x 356.2911pt>
File: /home/networker/webapps/netwrkr/networker/egonet/static/egonet/report/org
anizational_network.png Graphic file (type png)

<use /home/networker/webapps/netwrkr/networker/egonet/static/egonet/report/orga
nizational_network.png>
Package pdftex.def Info: /home/networker/webapps/netwrkr/networker/egonet/stati
c/egonet/report/organizational_network.png used on input line 57.
(pdftex.def)             Requested size: 339.95576pt x 249.40205pt.
[1

 </home/networker/webapps/netwrkr/networker/egonet/static/egonet/report/organiz
ational_network.png>] [2]
</home/networker/webapps/netwrkr/networker/media/egoreports/1_8f934f00-e70c-432
6-a9d6-d76f22edc100/average/gender.pdf, id=81, 578.16pt x 433.62pt>
File: /home/networker/webapps/netwrkr/networker/media/egoreports/1_8f934f00-e70
c-4326-a9d6-d76f22edc100/average/gender.pdf Graphic file (type pdf)

<use /home/networker/webapps/netwrkr/networker/media/egoreports/1_8f934f00-e70c
-4326-a9d6-d76f22edc100/average/gender.pdf>
Package pdftex.def Info: /home/networker/webapps/netwrkr/networker/media/egorep
orts/1_8f934f00-e70c-4326-a9d6-d76f22edc100/average/gender.pdf used on input li
ne 86.
(pdftex.def)             Requested size: 173.44933pt x 130.087pt.

</home/networker/webapps/netwrkr/networker/media/egoreports/1_8f934f00-e70c-432
6-a9d6-d76f22edc100/c5841f12-266a-420f-b393-0346e6dfabb4/gr_gender.pdf, id=82, 
578.16pt x 433.62pt>
File: /home/networker/webapps/netwrkr/networker/media/egoreports/1_8f934f00-e70
c-4326-a9d6-d76f22edc100/c5841f12-266a-420f-b393-0346e6dfabb4/gr_gender.pdf Gra
phic file (type pdf)

<use /home/networker/webapps/netwrkr/networker/media/egoreports/1_8f934f00-e70c
-4326-a9d6-d76f22edc100/c5841f12-266a-420f-b393-0346e6dfabb4/gr_gender.pdf>
Package pdftex.def Info: /home/networker/webapps/netwrkr/networker/media/egorep
orts/1_8f934f00-e70c-4326-a9d6-d76f22edc100/c5841f12-266a-420f-b393-0346e6dfabb
4/gr_gender.pdf used on input line 88.
(pdftex.def)             Requested size: 173.44933pt x 130.087pt.

</home/networker/webapps/netwrkr/networker/media/egoreports/1_8f934f00-e70c-432
6-a9d6-d76f22edc100/average/age.pdf, id=83, 578.16pt x 433.62pt>
File: /home/networker/webapps/netwrkr/networker/media/egoreports/1_8f934f00-e70
c-4326-a9d6-d76f22edc100/average/age.pdf Graphic file (type pdf)

<use /home/networker/webapps/netwrkr/networker/media/egoreports/1_8f934f00-e70c
-4326-a9d6-d76f22edc100/average/age.pdf>
Package pdftex.def Info: /home/networker/webapps/netwrkr/networker/media/egorep
orts/1_8f934f00-e70c-4326-a9d6-d76f22edc100/average/age.pdf used on input line 
95.
(pdftex.def)             Requested size: 173.44933pt x 130.087pt.

</home/networker/webapps/netwrkr/networker/media/egoreports/1_8f934f00-e70c-432
6-a9d6-d76f22edc100/c5841f12-266a-420f-b393-0346e6dfabb4/gr_age.pdf, id=84, 578
.16pt x 433.62pt>
File: /home/networker/webapps/netwrkr/networker/media/egoreports/1_8f934f00-e70
c-4326-a9d6-d76f22edc100/c5841f12-266a-420f-b393-0346e6dfabb4/gr_age.pdf Graphi
c file (type pdf)

<use /home/networker/webapps/netwrkr/networker/media/egoreports/1_8f934f00-e70c
-4326-a9d6-d76f22edc100/c5841f12-266a-420f-b393-0346e6dfabb4/gr_age.pdf>
Package pdftex.def Info: /home/networker/webapps/netwrkr/networker/media/egorep
orts/1_8f934f00-e70c-4326-a9d6-d76f22edc100/c5841f12-266a-420f-b393-0346e6dfabb
4/gr_age.pdf used on input line 97.
(pdftex.def)             Requested size: 173.44933pt x 130.087pt.

</home/networker/webapps/netwrkr/networker/media/egoreports/1_8f934f00-e70c-432
6-a9d6-d76f22edc100/average/work.pdf, id=85, 578.16pt x 433.62pt>
File: /home/networker/webapps/netwrkr/networker/media/egoreports/1_8f934f00-e70
c-4326-a9d6-d76f22edc100/average/work.pdf Graphic file (type pdf)

<use /home/networker/webapps/netwrkr/networker/media/egoreports/1_8f934f00-e70c
-4326-a9d6-d76f22edc100/average/work.pdf>
Package pdftex.def Info: /home/networker/webapps/netwrkr/networker/media/egorep
orts/1_8f934f00-e70c-4326-a9d6-d76f22edc100/average/work.pdf used on input line
 104.
(pdftex.def)             Requested size: 173.44933pt x 130.087pt.

</home/networker/webapps/netwrkr/networker/media/egoreports/1_8f934f00-e70c-432
6-a9d6-d76f22edc100/c5841f12-266a-420f-b393-0346e6dfabb4/gr_work.pdf, id=86, 57
8.16pt x 433.62pt>
File: /home/networker/webapps/netwrkr/networker/media/egoreports/1_8f934f00-e70
c-4326-a9d6-d76f22edc100/c5841f12-266a-420f-b393-0346e6dfabb4/gr_work.pdf Graph
ic file (type pdf)

<use /home/networker/webapps/netwrkr/networker/media/egoreports/1_8f934f00-e70c
-4326-a9d6-d76f22edc100/c5841f12-266a-420f-b393-0346e6dfabb4/gr_work.pdf>
Package pdftex.def Info: /home/networker/webapps/netwrkr/networker/media/egorep
orts/1_8f934f00-e70c-4326-a9d6-d76f22edc100/c5841f12-266a-420f-b393-0346e6dfabb
4/gr_work.pdf used on input line 106.
(pdftex.def)             Requested size: 173.44933pt x 130.087pt.
[3 </home/networker/webapps/netwrkr/networker/media/egoreports/1_8f934f00-e70c-
4326-a9d6-d76f22edc100/average/gender.pdf> </home/networker/webapps/netwrkr/net
worker/media/egoreports/1_8f934f00-e70c-4326-a9d6-d76f22edc100/c5841f12-266a-42
0f-b393-0346e6dfabb4/gr_gender.pdf

pdfTeX warning: pdflatex (file /home/networker/webapps/netwrkr/networker/media/
egoreports/1_8f934f00-e70c-4326-a9d6-d76f22edc100/c5841f12-266a-420f-b393-0346e
6dfabb4/gr_gender.pdf): PDF inclusion: multiple pdfs with page group included i
n a single page
> </home/networker/webapps/netwrkr/networker/media/egoreports/1_8f934f00-e70c-4
326-a9d6-d76f22edc100/average/age.pdf

pdfTeX warning: pdflatex (file /home/networker/webapps/netwrkr/networker/media/
egoreports/1_8f934f00-e70c-4326-a9d6-d76f22edc100/average/age.pdf): PDF inclusi
on: multiple pdfs with page group included in a single page
> </home/networker/webapps/netwrkr/networker/media/egoreports/1_8f934f00-e70c-4
326-a9d6-d76f22edc100/c5841f12-266a-420f-b393-0346e6dfabb4/gr_age.pdf

pdfTeX warning: pdflatex (file /home/networker/webapps/netwrkr/networker/media/
egoreports/1_8f934f00-e70c-4326-a9d6-d76f22edc100/c5841f12-266a-420f-b393-0346e
6dfabb4/gr_age.pdf): PDF inclusion: multiple pdfs with page group included in a
 single page
>]
</home/networker/webapps/netwrkr/networker/media/egoreports/1_8f934f00-e70c-432
6-a9d6-d76f22edc100/average/rank.pdf, id=232, 578.16pt x 433.62pt>
File: /home/networker/webapps/netwrkr/networker/media/egoreports/1_8f934f00-e70
c-4326-a9d6-d76f22edc100/average/rank.pdf Graphic file (type pdf)

<use /home/networker/webapps/netwrkr/networker/media/egoreports/1_8f934f00-e70c
-4326-a9d6-d76f22edc100/average/rank.pdf>
Package pdftex.def Info: /home/networker/webapps/netwrkr/networker/media/egorep
orts/1_8f934f00-e70c-4326-a9d6-d76f22edc100/average/rank.pdf used on input line
 113.
(pdftex.def)             Requested size: 173.44933pt x 130.087pt.

</home/networker/webapps/netwrkr/networker/media/egoreports/1_8f934f00-e70c-432
6-a9d6-d76f22edc100/c5841f12-266a-420f-b393-0346e6dfabb4/gr_rank.pdf, id=233, 5
78.16pt x 433.62pt>
File: /home/networker/webapps/netwrkr/networker/media/egoreports/1_8f934f00-e70
c-4326-a9d6-d76f22edc100/c5841f12-266a-420f-b393-0346e6dfabb4/gr_rank.pdf Graph
ic file (type pdf)

<use /home/networker/webapps/netwrkr/networker/media/egoreports/1_8f934f00-e70c
-4326-a9d6-d76f22edc100/c5841f12-266a-420f-b393-0346e6dfabb4/gr_rank.pdf>
Package pdftex.def Info: /home/networker/webapps/netwrkr/networker/media/egorep
orts/1_8f934f00-e70c-4326-a9d6-d76f22edc100/c5841f12-266a-420f-b393-0346e6dfabb
4/gr_rank.pdf used on input line 115.
(pdftex.def)             Requested size: 173.44933pt x 130.087pt.

</home/networker/webapps/netwrkr/networker/media/egoreports/1_8f934f00-e70c-432
6-a9d6-d76f22edc100/average/functional_area.pdf, id=234, 578.16pt x 433.62pt>
File: /home/networker/webapps/netwrkr/networker/media/egoreports/1_8f934f00-e70
c-4326-a9d6-d76f22edc100/average/functional_area.pdf Graphic file (type pdf)

<use /home/networker/webapps/netwrkr/networker/media/egoreports/1_8f934f00-e70c
-4326-a9d6-d76f22edc100/average/functional_area.pdf>
Package pdftex.def Info: /home/networker/webapps/netwrkr/networker/media/egorep
orts/1_8f934f00-e70c-4326-a9d6-d76f22edc100/average/functional_area.pdf used on
 input line 122.
(pdftex.def)             Requested size: 173.44933pt x 130.087pt.

</home/networker/webapps/netwrkr/networker/media/egoreports/1_8f934f00-e70c-432
6-a9d6-d76f22edc100/c5841f12-266a-420f-b393-0346e6dfabb4/gr_functional_area.pdf
, id=235, 578.16pt x 433.62pt>
File: /home/networker/webapps/netwrkr/networker/media/egoreports/1_8f934f00-e70
c-4326-a9d6-d76f22edc100/c5841f12-266a-420f-b393-0346e6dfabb4/gr_functional_are
a.pdf Graphic file (type pdf)

<use /home/networker/webapps/netwrkr/networker/media/egoreports/1_8f934f00-e70c
-4326-a9d6-d76f22edc100/c5841f12-266a-420f-b393-0346e6dfabb4/gr_functional_area
.pdf>
Package pdftex.def Info: /home/networker/webapps/netwrkr/networker/media/egorep
orts/1_8f934f00-e70c-4326-a9d6-d76f22edc100/c5841f12-266a-420f-b393-0346e6dfabb
4/gr_functional_area.pdf used on input line 124.
(pdftex.def)             Requested size: 173.44933pt x 130.087pt.
[4 </home/networker/webapps/netwrkr/networker/media/egoreports/1_8f934f00-e70c-
4326-a9d6-d76f22edc100/average/work.pdf> </home/networker/webapps/netwrkr/netwo
rker/media/egoreports/1_8f934f00-e70c-4326-a9d6-d76f22edc100/c5841f12-266a-420f
-b393-0346e6dfabb4/gr_work.pdf

pdfTeX warning: pdflatex (file /home/networker/webapps/netwrkr/networker/media/
egoreports/1_8f934f00-e70c-4326-a9d6-d76f22edc100/c5841f12-266a-420f-b393-0346e
6dfabb4/gr_work.pdf): PDF inclusion: multiple pdfs with page group included in 
a single page
> </home/networker/webapps/netwrkr/networker/media/egoreports/1_8f934f00-e70c-4
326-a9d6-d76f22edc100/average/rank.pdf

pdfTeX warning: pdflatex (file /home/networker/webapps/netwrkr/networker/media/
egoreports/1_8f934f00-e70c-4326-a9d6-d76f22edc100/average/rank.pdf): PDF inclus
ion: multiple pdfs with page group included in a single page
> </home/networker/webapps/netwrkr/networker/media/egoreports/1_8f934f00-e70c-4
326-a9d6-d76f22edc100/c5841f12-266a-420f-b393-0346e6dfabb4/gr_rank.pdf

pdfTeX warning: pdflatex (file /home/networker/webapps/netwrkr/networker/media/
egoreports/1_8f934f00-e70c-4326-a9d6-d76f22edc100/c5841f12-266a-420f-b393-0346e
6dfabb4/gr_rank.pdf): PDF inclusion: multiple pdfs with page group included in 
a single page
> </home/networker/webapps/netwrkr/networker/media/egoreports/1_8f934f00-e70c-4
326-a9d6-d76f22edc100/average/functional_area.pdf

pdfTeX warning: pdflatex (file /home/networker/webapps/netwrkr/networker/media/
egoreports/1_8f934f00-e70c-4326-a9d6-d76f22edc100/average/functional_area.pdf):
 PDF inclusion: multiple pdfs with page group included in a single page
> </home/networker/webapps/netwrkr/networker/media/egoreports/1_8f934f00-e70c-4
326-a9d6-d76f22edc100/c5841f12-266a-420f-b393-0346e6dfabb4/gr_functional_area.p
df

pdfTeX warning: pdflatex (file /home/networker/webapps/netwrkr/networker/media/
egoreports/1_8f934f00-e70c-4326-a9d6-d76f22edc100/c5841f12-266a-420f-b393-0346e
6dfabb4/gr_functional_area.pdf): PDF inclusion: multiple pdfs with page group i
ncluded in a single page
>]
</home/networker/webapps/netwrkr/networker/media/egoreports/1_8f934f00-e70c-432
6-a9d6-d76f22edc100/average/strength.pdf, id=509, 578.16pt x 433.62pt>
File: /home/networker/webapps/netwrkr/networker/media/egoreports/1_8f934f00-e70
c-4326-a9d6-d76f22edc100/average/strength.pdf Graphic file (type pdf)

<use /home/networker/webapps/netwrkr/networker/media/egoreports/1_8f934f00-e70c
-4326-a9d6-d76f22edc100/average/strength.pdf>
Package pdftex.def Info: /home/networker/webapps/netwrkr/networker/media/egorep
orts/1_8f934f00-e70c-4326-a9d6-d76f22edc100/average/strength.pdf used on input 
line 139.
(pdftex.def)             Requested size: 173.44933pt x 130.087pt.

</home/networker/webapps/netwrkr/networker/media/egoreports/1_8f934f00-e70c-432
6-a9d6-d76f22edc100/c5841f12-266a-420f-b393-0346e6dfabb4/gr_strength.pdf, id=51
0, 578.16pt x 433.62pt>
File: /home/networker/webapps/netwrkr/networker/media/egoreports/1_8f934f00-e70
c-4326-a9d6-d76f22edc100/c5841f12-266a-420f-b393-0346e6dfabb4/gr_strength.pdf G
raphic file (type pdf)

<use /home/networker/webapps/netwrkr/networker/media/egoreports/1_8f934f00-e70c
-4326-a9d6-d76f22edc100/c5841f12-266a-420f-b393-0346e6dfabb4/gr_strength.pdf>
Package pdftex.def Info: /home/networker/webapps/netwrkr/networker/media/egorep
orts/1_8f934f00-e70c-4326-a9d6-d76f22edc100/c5841f12-266a-420f-b393-0346e6dfabb
4/gr_strength.pdf used on input line 141.
(pdftex.def)             Requested size: 173.44933pt x 130.087pt.

</home/networker/webapps/netwrkr/networker/media/egoreports/1_8f934f00-e70c-432
6-a9d6-d76f22edc100/average/frequency.pdf, id=511, 578.16pt x 433.62pt>
File: /home/networker/webapps/netwrkr/networker/media/egoreports/1_8f934f00-e70
c-4326-a9d6-d76f22edc100/average/frequency.pdf Graphic file (type pdf)

<use /home/networker/webapps/netwrkr/networker/media/egoreports/1_8f934f00-e70c
-4326-a9d6-d76f22edc100/average/frequency.pdf>
Package pdftex.def Info: /home/networker/webapps/netwrkr/networker/media/egorep
orts/1_8f934f00-e70c-4326-a9d6-d76f22edc100/average/frequency.pdf used on input
 line 148.
(pdftex.def)             Requested size: 173.44933pt x 130.087pt.

</home/networker/webapps/netwrkr/networker/media/egoreports/1_8f934f00-e70c-432
6-a9d6-d76f22edc100/c5841f12-266a-420f-b393-0346e6dfabb4/gr_frequency.pdf, id=5
12, 578.16pt x 433.62pt>
File: /home/networker/webapps/netwrkr/networker/media/egoreports/1_8f934f00-e70
c-4326-a9d6-d76f22edc100/c5841f12-266a-420f-b393-0346e6dfabb4/gr_frequency.pdf 
Graphic file (type pdf)

<use /home/networker/webapps/netwrkr/networker/media/egoreports/1_8f934f00-e70c
-4326-a9d6-d76f22edc100/c5841f12-266a-420f-b393-0346e6dfabb4/gr_frequency.pdf>
Package pdftex.def Info: /home/networker/webapps/netwrkr/networker/media/egorep
orts/1_8f934f00-e70c-4326-a9d6-d76f22edc100/c5841f12-266a-420f-b393-0346e6dfabb
4/gr_frequency.pdf used on input line 150.
(pdftex.def)             Requested size: 173.44933pt x 130.087pt.

</home/networker/webapps/netwrkr/networker/media/egoreports/1_8f934f00-e70c-432
6-a9d6-d76f22edc100/average/helps.pdf, id=513, 578.16pt x 433.62pt>
File: /home/networker/webapps/netwrkr/networker/media/egoreports/1_8f934f00-e70
c-4326-a9d6-d76f22edc100/average/helps.pdf Graphic file (type pdf)

<use /home/networker/webapps/netwrkr/networker/media/egoreports/1_8f934f00-e70c
-4326-a9d6-d76f22edc100/average/helps.pdf>
Package pdftex.def Info: /home/networker/webapps/netwrkr/networker/media/egorep
orts/1_8f934f00-e70c-4326-a9d6-d76f22edc100/average/helps.pdf used on input lin
e 157.
(pdftex.def)             Requested size: 173.44933pt x 130.087pt.

</home/networker/webapps/netwrkr/networker/media/egoreports/1_8f934f00-e70c-432
6-a9d6-d76f22edc100/c5841f12-266a-420f-b393-0346e6dfabb4/gr_helps.pdf, id=514, 
578.16pt x 433.62pt>
File: /home/networker/webapps/netwrkr/networker/media/egoreports/1_8f934f00-e70
c-4326-a9d6-d76f22edc100/c5841f12-266a-420f-b393-0346e6dfabb4/gr_helps.pdf Grap
hic file (type pdf)

<use /home/networker/webapps/netwrkr/networker/media/egoreports/1_8f934f00-e70c
-4326-a9d6-d76f22edc100/c5841f12-266a-420f-b393-0346e6dfabb4/gr_helps.pdf>
Package pdftex.def Info: /home/networker/webapps/netwrkr/networker/media/egorep
orts/1_8f934f00-e70c-4326-a9d6-d76f22edc100/c5841f12-266a-420f-b393-0346e6dfabb
4/gr_helps.pdf used on input line 159.
(pdftex.def)             Requested size: 173.44933pt x 130.087pt.
[5 </home/networker/webapps/netwrkr/networker/media/egoreports/1_8f934f00-e70c-
4326-a9d6-d76f22edc100/average/strength.pdf> </home/networker/webapps/netwrkr/n
etworker/media/egoreports/1_8f934f00-e70c-4326-a9d6-d76f22edc100/c5841f12-266a-
420f-b393-0346e6dfabb4/gr_strength.pdf

pdfTeX warning: pdflatex (file /home/networker/webapps/netwrkr/networker/media/
egoreports/1_8f934f00-e70c-4326-a9d6-d76f22edc100/c5841f12-266a-420f-b393-0346e
6dfabb4/gr_strength.pdf): PDF inclusion: multiple pdfs with page group included
 in a single page
> </home/networker/webapps/netwrkr/networker/media/egoreports/1_8f934f00-e70c-4
326-a9d6-d76f22edc100/average/frequency.pdf

pdfTeX warning: pdflatex (file /home/networker/webapps/netwrkr/networker/media/
egoreports/1_8f934f00-e70c-4326-a9d6-d76f22edc100/average/frequency.pdf): PDF i
nclusion: multiple pdfs with page group included in a single page
> </home/networker/webapps/netwrkr/networker/media/egoreports/1_8f934f00-e70c-4
326-a9d6-d76f22edc100/c5841f12-266a-420f-b393-0346e6dfabb4/gr_frequency.pdf

pdfTeX warning: pdflatex (file /home/networker/webapps/netwrkr/networker/media/
egoreports/1_8f934f00-e70c-4326-a9d6-d76f22edc100/c5841f12-266a-420f-b393-0346e
6dfabb4/gr_frequency.pdf): PDF inclusion: multiple pdfs with page group include
d in a single page
>]
</home/networker/webapps/netwrkr/networker/media/egoreports/1_8f934f00-e70c-432
6-a9d6-d76f22edc100/average/context.pdf, id=684, 578.16pt x 433.62pt>
File: /home/networker/webapps/netwrkr/networker/media/egoreports/1_8f934f00-e70
c-4326-a9d6-d76f22edc100/average/context.pdf Graphic file (type pdf)

<use /home/networker/webapps/netwrkr/networker/media/egoreports/1_8f934f00-e70c
-4326-a9d6-d76f22edc100/average/context.pdf>
Package pdftex.def Info: /home/networker/webapps/netwrkr/networker/media/egorep
orts/1_8f934f00-e70c-4326-a9d6-d76f22edc100/average/context.pdf used on input l
ine 166.
(pdftex.def)             Requested size: 173.44933pt x 130.087pt.

</home/networker/webapps/netwrkr/networker/media/egoreports/1_8f934f00-e70c-432
6-a9d6-d76f22edc100/c5841f12-266a-420f-b393-0346e6dfabb4/gr_context.pdf, id=685
, 578.16pt x 433.62pt>
File: /home/networker/webapps/netwrkr/networker/media/egoreports/1_8f934f00-e70
c-4326-a9d6-d76f22edc100/c5841f12-266a-420f-b393-0346e6dfabb4/gr_context.pdf Gr
aphic file (type pdf)

<use /home/networker/webapps/netwrkr/networker/media/egoreports/1_8f934f00-e70c
-4326-a9d6-d76f22edc100/c5841f12-266a-420f-b393-0346e6dfabb4/gr_context.pdf>
Package pdftex.def Info: /home/networker/webapps/netwrkr/networker/media/egorep
orts/1_8f934f00-e70c-4326-a9d6-d76f22edc100/c5841f12-266a-420f-b393-0346e6dfabb
4/gr_context.pdf used on input line 168.
(pdftex.def)             Requested size: 173.44933pt x 130.087pt.
[6 </home/networker/webapps/netwrkr/networker/media/egoreports/1_8f934f00-e70c-
4326-a9d6-d76f22edc100/average/helps.pdf> </home/networker/webapps/netwrkr/netw
orker/media/egoreports/1_8f934f00-e70c-4326-a9d6-d76f22edc100/c5841f12-266a-420
f-b393-0346e6dfabb4/gr_helps.pdf

pdfTeX warning: pdflatex (file /home/networker/webapps/netwrkr/networker/media/
egoreports/1_8f934f00-e70c-4326-a9d6-d76f22edc100/c5841f12-266a-420f-b393-0346e
6dfabb4/gr_helps.pdf): PDF inclusion: multiple pdfs with page group included in
 a single page
> </home/networker/webapps/netwrkr/networker/media/egoreports/1_8f934f00-e70c-4
326-a9d6-d76f22edc100/average/context.pdf

pdfTeX warning: pdflatex (file /home/networker/webapps/netwrkr/networker/media/
egoreports/1_8f934f00-e70c-4326-a9d6-d76f22edc100/average/context.pdf): PDF inc
lusion: multiple pdfs with page group included in a single page
> </home/networker/webapps/netwrkr/networker/media/egoreports/1_8f934f00-e70c-4
326-a9d6-d76f22edc100/c5841f12-266a-420f-b393-0346e6dfabb4/gr_context.pdf

pdfTeX warning: pdflatex (file /home/networker/webapps/netwrkr/networker/media/
egoreports/1_8f934f00-e70c-4326-a9d6-d76f22edc100/c5841f12-266a-420f-b393-0346e
6dfabb4/gr_context.pdf): PDF inclusion: multiple pdfs with page group included 
in a single page
>]
LaTeX Font Info:    Font shape `T1/ptm/bx/n' in size <14.4> not available
(Font)              Font shape `T1/ptm/b/n' tried instead on input line 184.

</home/networker/webapps/netwrkr/networker/media/egoreports/1_8f934f00-e70c-432
6-a9d6-d76f22edc100/c5841f12-266a-420f-b393-0346e6dfabb4/egonet_kk.pdf, id=881,
 578.16pt x 433.62pt>
File: /home/networker/webapps/netwrkr/networker/media/egoreports/1_8f934f00-e70
c-4326-a9d6-d76f22edc100/c5841f12-266a-420f-b393-0346e6dfabb4/egonet_kk.pdf Gra
phic file (type pdf)

<use /home/networker/webapps/netwrkr/networker/media/egoreports/1_8f934f00-e70c
-4326-a9d6-d76f22edc100/c5841f12-266a-420f-b393-0346e6dfabb4/egonet_kk.pdf>
Package pdftex.def Info: /home/networker/webapps/netwrkr/networker/media/egorep
orts/1_8f934f00-e70c-4326-a9d6-d76f22edc100/c5841f12-266a-420f-b393-0346e6dfabb
4/egonet_kk.pdf used on input line 192.
(pdftex.def)             Requested size: 404.70924pt x 303.53192pt.
[7 </home/networker/webapps/netwrkr/networker/media/egoreports/1_8f934f00-e70c-
4326-a9d6-d76f22edc100/c5841f12-266a-420f-b393-0346e6dfabb4/egonet_kk.pdf>]
</home/networker/webapps/netwrkr/networker/media/egoreports/1_8f934f00-e70c-432
6-a9d6-d76f22edc100/c5841f12-266a-420f-b393-0346e6dfabb4/density_cent.pdf, id=1
015, 722.7pt x 433.62pt>
File: /home/networker/webapps/netwrkr/networker/media/egoreports/1_8f934f00-e70
c-4326-a9d6-d76f22edc100/c5841f12-266a-420f-b393-0346e6dfabb4/density_cent.pdf 
Graphic file (type pdf)

<use /home/networker/webapps/netwrkr/networker/media/egoreports/1_8f934f00-e70c
-4326-a9d6-d76f22edc100/c5841f12-266a-420f-b393-0346e6dfabb4/density_cent.pdf>
Package pdftex.def Info: /home/networker/webapps/netwrkr/networker/media/egorep
orts/1_8f934f00-e70c-4326-a9d6-d76f22edc100/c5841f12-266a-420f-b393-0346e6dfabb
4/density_cent.pdf used on input line 209.
(pdftex.def)             Requested size: 433.62334pt x 260.17401pt.
[8 </home/networker/webapps/netwrkr/networker/media/egoreports/1_8f934f00-e70c-
4326-a9d6-d76f22edc100/c5841f12-266a-420f-b393-0346e6dfabb4/density_cent.pdf>]
LaTeX Font Info:    Font shape `T1/ptm/bx/n' in size <12> not available
(Font)              Font shape `T1/ptm/b/n' tried instead on input line 221.
[9] (./report.aux) ) 
Here is how much of TeX's memory you used:
 4117 strings out of 495063
 73589 string characters out of 3182201
 133640 words of memory out of 3000000
 7222 multiletter control sequences out of 15000+200000
 29844 words of font info for 36 fonts, out of 3000000 for 9000
 14 hyphenation exceptions out of 8191
 44i,9n,45p,875b,357s stack positions out of 5000i,500n,10000p,200000b,50000s
{/usr/share/texlive/texmf-dist/fonts/enc/dvips/base/8r.enc}
</usr/share/texlive/texmf-dist/fonts/type1/urw/times/utmb8a.pfb></usr/share/tex
live/texmf-dist/fonts/type1/urw/times/utmr8a.pfb>
Output written on report.pdf (10 pages, 517730 bytes).
PDF statistics:
 1081 PDF objects out of 1200 (max. 8388607)
 140 compressed objects within 2 object streams
 0 named destinations out of 1000 (max. 500000)
 116 words of extra memory for PDF output out of 10000 (max. 10000000)

